{
"/Users/alexp/Projects/jest-example/src/sum.js":{"path":"/Users/alexp/Projects/jest-example/src/sum.js","s":{"1":1,"2":1,"3":1},"b":{},"f":{"1":1},"fnMap":{"1":{"name":"sum","line":1,"loc":{"start":{"line":1,"column":-15},"end":{"line":1,"column":29}}}},"statementMap":{"1":{"start":{"line":1,"column":-15},"end":{"line":3,"column":1}},"2":{"start":{"line":2,"column":2},"end":{"line":2,"column":25}},"3":{"start":{"line":4,"column":0},"end":{"line":4,"column":21}}},"branchMap":{},"l":{"1":1,"2":1,"4":1}}}
